<?xml version="1.0" encoding="utf-8"?>
<UpgradeLog>
    <Settings>
        <Setting
            Name = "LogFile"
            Value = "Project1.log"
        />
        <Setting
            Name = "GenerateInterfacesForClasses"
            Value = "FALSE"
        />
        <Setting
            Name = "ProjectName"
            Value = "Project1"
        />
        <Setting
            Name = "OutputName"
            Value = "Project1.vbproj"
        />
        <Setting
            Name = "OutputDir"
            Value = "C:\Documents and Settings\Lariushin\My Documents\Visual Studio Projects\Math\Mathem"
        />
        <Setting
            Name = "ProjectPath"
            Value = "C:\Documents and Settings\Lariushin\My Documents\Visual Studio Projects\ddd\Project1.vbp"
        />
        <Setting
            Name = "MigrateProjectTo"
            Value = "0"
        />
    </Settings>
    <File
        OldPath = "C:\Documents and Settings\Lariushin\My Documents\Visual Studio Projects\ddd\Form1.frm"
        NewPath = "C:\Documents and Settings\Lariushin\My Documents\Visual Studio Projects\Math\Mathem\Form1.vb"
        FileType = "Form"
        Upgraded = "True"
    >
        <Section Name = "Command1_Click" >
            <Issue
                Type = "Runtime"
                Number = "1037"
            >Couldn't resolve default property of object n1.</Issue>
            <Issue
                Type = "Runtime"
                Number = "1037"
            >Couldn't resolve default property of object o.</Issue>
            <Issue
                Type = "Runtime"
                Number = "1037"
            >Couldn't resolve default property of object n2.</Issue>
            <Issue
                Type = "Runtime"
                Number = "1037"
            >Couldn't resolve default property of object j.</Issue>
            <Issue
                Type = "Runtime"
                Number = "1037"
            >Couldn't resolve default property of object n.</Issue>
            <Issue
                Type = "Runtime"
                Number = "1037"
            >Couldn't resolve default property of object c.</Issue>
            <Issue
                Type = "Runtime"
                Number = "1037"
            >Couldn't resolve default property of object b.</Issue>
            <Issue
                Type = "Runtime"
                Number = "1037"
            >Couldn't resolve default property of object i.</Issue>
            <Issue
                Type = "Runtime"
                Number = "1037"
            >Couldn't resolve default property of object replace_Renamed().</Issue>
        </Section>
        <Section Name = "count2" >
            <Issue
                Type = "Runtime"
                Number = "1037"
            >Couldn't resolve default property of object n1.</Issue>
            <Issue
                Type = "Runtime"
                Number = "1037"
            >Couldn't resolve default property of object o.</Issue>
            <Issue
                Type = "Runtime"
                Number = "1037"
            >Couldn't resolve default property of object n2.</Issue>
            <Issue
                Type = "Runtime"
                Number = "1037"
            >Couldn't resolve default property of object j.</Issue>
            <Issue
                Type = "Runtime"
                Number = "1037"
            >Couldn't resolve default property of object n.</Issue>
            <Issue
                Type = "Runtime"
                Number = "1037"
            >Couldn't resolve default property of object c.</Issue>
            <Issue
                Type = "Runtime"
                Number = "1037"
            >Couldn't resolve default property of object b.</Issue>
            <Issue
                Type = "Runtime"
                Number = "1037"
                PME = "Mid"
            >Couldn't resolve default property of object i.</Issue>
            <Issue
                Type = "Runtime"
                Number = "1037"
            >Couldn't resolve default property of object replace_Renamed().</Issue>
            <Issue
                Type = "Runtime"
                Number = "1037"
            >Couldn't resolve default property of object regulate2().</Issue>
            <Issue
                Type = "Runtime"
                Number = "1037"
            >Couldn't resolve default property of object z.</Issue>
            <Issue
                Type = "Runtime"
                Number = "1037"
            >Couldn't resolve default property of object count2.</Issue>
        </Section>
        <Section Name = "regulate2" >
            <Issue
                Type = "Runtime"
                Number = "1037"
            >Couldn't resolve default property of object txt.</Issue>
            <Issue
                Type = "Runtime"
                Number = "1037"
            >Couldn't resolve default property of object c.</Issue>
            <Issue
                Type = "Runtime"
                Number = "1037"
            >Couldn't resolve default property of object regulate2.</Issue>
        </Section>
        <Section Name = "regulate" >
            <Issue
                Type = "Runtime"
                Number = "1037"
            >Couldn't resolve default property of object c.</Issue>
        </Section>
        <Section Name = "Command2_Click" >
            <Issue
                Type = "Runtime"
                Number = "1037"
            >Couldn't resolve default property of object c.</Issue>
            <Issue
                Type = "Runtime"
                Number = "1037"
            >Couldn't resolve default property of object b.</Issue>
            <Issue
                Type = "Runtime"
                Number = "1037"
            >Couldn't resolve default property of object e.</Issue>
            <Issue
                Type = "Runtime"
                Number = "1037"
            >Couldn't resolve default property of object txt.</Issue>
            <Issue
                Type = "Runtime"
                Number = "1037"
            >Couldn't resolve default property of object i.</Issue>
            <Issue
                Type = "Runtime"
                Number = "1037"
            >Couldn't resolve default property of object count2(txt).</Issue>
            <Issue
                Type = "Runtime"
                Number = "1037"
            >Couldn't resolve default property of object count2().</Issue>
        </Section>
        <Section Name = "replace" >
            <Issue
                Type = "Runtime"
                Number = "1037"
            >Couldn't resolve default property of object j.</Issue>
            <Issue
                Type = "Runtime"
                Number = "1037"
            >Couldn't resolve default property of object s.</Issue>
            <Issue
                Type = "Runtime"
                Number = "1037"
                PME = "Mid"
            >Couldn't resolve default property of object i.</Issue>
            <Issue
                Type = "Runtime"
                Number = "1037"
            >Couldn't resolve default property of object replace_Renamed.</Issue>
        </Section>
    </File>
</UpgradeLog>

